Loading db file '/ecelib/linware/synopsys15/dc/libraries/syn/gtech.db'
Loading db file '/ecelib/linware/synopsys15/dc/libraries/syn/standard.sldb'
  Loading link library 'saed32lvt_tt1p05vn40c'
  Loading link library 'saed32sram_tt1p05vn40c'
  Loading link library 'gtech'
Running PRESTO HDLC
Presto compilation completed successfully.
Elaborated 1 design.
Current design is now 'riscv'.
Information: Building the design 'Controller'. (HDL-193)

Statistics for case statements in always block at line 73 in file
	'/users/ugrad/2016/fall/vegao1/New1/design/Controller.sv'
===============================================
|           Line           |  full/ parallel  |
===============================================
|            75            |     auto/no      |
===============================================
Presto compilation completed successfully.
Information: Building the design 'ALUController'. (HDL-193)
Warning:  /users/ugrad/2016/fall/vegao1/New1/design/ALUController.sv:34: DEFAULT branch of CASE statement cannot be reached. (ELAB-311)

Statistics for case statements in always block at line 33 in file
	'/users/ugrad/2016/fall/vegao1/New1/design/ALUController.sv'
===============================================
|           Line           |  full/ parallel  |
===============================================
|            34            |    auto/auto     |
|            37            |    auto/auto     |
|            62            |    auto/auto     |
|            82            |    auto/auto     |
===============================================
Presto compilation completed successfully.
Information: Building the design 'Datapath'. (HDL-193)
Presto compilation completed successfully.
Information: Building the design 'WBController'. (HDL-193)

Statistics for case statements in always block at line 44 in file
	'/users/ugrad/2016/fall/vegao1/New1/design/WBController.sv'
===============================================
|           Line           |  full/ parallel  |
===============================================
|            45            |     auto/no      |
===============================================
Presto compilation completed successfully.
Information: Building the design 'adder' instantiated from design 'Datapath' with
	the parameters "9". (HDL-193)
Presto compilation completed successfully.
Information: Building the design 'brController' instantiated from design 'Datapath' with
	the parameters "32". (HDL-193)

Statistics for case statements in always block at line 31 in file
	'/users/ugrad/2016/fall/vegao1/New1/design/brController.sv'
===============================================
|           Line           |  full/ parallel  |
===============================================
|            32            |    auto/auto     |
===============================================
Presto compilation completed successfully.
Information: Building the design 'mux2' instantiated from design 'Datapath' with
	the parameters "9". (HDL-193)
Presto compilation completed successfully.
Information: Building the design 'flopr' instantiated from design 'Datapath' with
	the parameters "9". (HDL-193)

Inferred memory devices in process
	in routine flopr_WIDTH9 line 29 in file
		'/users/ugrad/2016/fall/vegao1/New1/design/flopr.sv'.
===============================================================================
|    Register Name    |   Type    | Width | Bus | MB | AR | AS | SR | SS | ST |
===============================================================================
|        q_reg        | Flip-flop |   9   |  Y  | N  | Y  | N  | N  | N  | N  |
===============================================================================
Presto compilation completed successfully.
Information: Building the design 'instructionmemory'. (HDL-193)
Statistics for MUX_OPs
================================================================
|   block name/line     | Inputs | Outputs | # sel inputs | MB |
================================================================
| instructionmemory/110 |  128   |   30    |      7       | N  |
================================================================
Presto compilation completed successfully.
Information: Building the design 'RegFile'. (HDL-193)

Inferred memory devices in process
	in routine RegFile line 29 in file
		'/users/ugrad/2016/fall/vegao1/New1/design/RegFile.sv'.
===============================================================================
|    Register Name    |   Type    | Width | Bus | MB | AR | AS | SR | SS | ST |
===============================================================================
|  register_file_reg  | Flip-flop |  32   |  Y  | N  | N  | N  | N  | N  | N  |
|  register_file_reg  | Flip-flop |  32   |  Y  | N  | N  | N  | N  | N  | N  |
|  register_file_reg  | Flip-flop |  32   |  Y  | N  | N  | N  | N  | N  | N  |
|  register_file_reg  | Flip-flop |  32   |  Y  | N  | N  | N  | N  | N  | N  |
|  register_file_reg  | Flip-flop |  32   |  Y  | N  | N  | N  | N  | N  | N  |
|  register_file_reg  | Flip-flop |  32   |  Y  | N  | N  | N  | N  | N  | N  |
|  register_file_reg  | Flip-flop |  32   |  Y  | N  | N  | N  | N  | N  | N  |
|  register_file_reg  | Flip-flop |  32   |  Y  | N  | N  | N  | N  | N  | N  |
|  register_file_reg  | Flip-flop |  32   |  Y  | N  | N  | N  | N  | N  | N  |
|  register_file_reg  | Flip-flop |  32   |  Y  | N  | N  | N  | N  | N  | N  |
|  register_file_reg  | Flip-flop |  32   |  Y  | N  | N  | N  | N  | N  | N  |
|  register_file_reg  | Flip-flop |  32   |  Y  | N  | N  | N  | N  | N  | N  |
|  register_file_reg  | Flip-flop |  32   |  Y  | N  | N  | N  | N  | N  | N  |
|  register_file_reg  | Flip-flop |  32   |  Y  | N  | N  | N  | N  | N  | N  |
|  register_file_reg  | Flip-flop |  32   |  Y  | N  | N  | N  | N  | N  | N  |
|  register_file_reg  | Flip-flop |  32   |  Y  | N  | N  | N  | N  | N  | N  |
|  register_file_reg  | Flip-flop |  32   |  Y  | N  | N  | N  | N  | N  | N  |
|  register_file_reg  | Flip-flop |  32   |  Y  | N  | N  | N  | N  | N  | N  |
|  register_file_reg  | Flip-flop |  32   |  Y  | N  | N  | N  | N  | N  | N  |
|  register_file_reg  | Flip-flop |  32   |  Y  | N  | N  | N  | N  | N  | N  |
|  register_file_reg  | Flip-flop |  32   |  Y  | N  | N  | N  | N  | N  | N  |
|  register_file_reg  | Flip-flop |  32   |  Y  | N  | N  | N  | N  | N  | N  |
|  register_file_reg  | Flip-flop |  32   |  Y  | N  | N  | N  | N  | N  | N  |
|  register_file_reg  | Flip-flop |  32   |  Y  | N  | N  | N  | N  | N  | N  |
|  register_file_reg  | Flip-flop |  32   |  Y  | N  | N  | N  | N  | N  | N  |
|  register_file_reg  | Flip-flop |  32   |  Y  | N  | N  | N  | N  | N  | N  |
|  register_file_reg  | Flip-flop |  32   |  Y  | N  | N  | N  | N  | N  | N  |
|  register_file_reg  | Flip-flop |  32   |  Y  | N  | N  | N  | N  | N  | N  |
|  register_file_reg  | Flip-flop |  32   |  Y  | N  | N  | N  | N  | N  | N  |
|  register_file_reg  | Flip-flop |  32   |  Y  | N  | N  | N  | N  | N  | N  |
|  register_file_reg  | Flip-flop |  32   |  Y  | N  | N  | N  | N  | N  | N  |
|  register_file_reg  | Flip-flop |  32   |  Y  | N  | N  | N  | N  | N  | N  |
===============================================================================
Statistics for MUX_OPs
===========================================================
| block name/line  | Inputs | Outputs | # sel inputs | MB |
===========================================================
|    RegFile/39    |   32   |   32    |      5       | N  |
|    RegFile/40    |   32   |   32    |      5       | N  |
===========================================================
Presto compilation completed successfully.
Information: Building the design 'imm_Gen'. (HDL-193)

Statistics for case statements in always block at line 27 in file
	'/users/ugrad/2016/fall/vegao1/New1/design/imm_Gen.sv'
===============================================
|           Line           |  full/ parallel  |
===============================================
|            28            |    auto/auto     |
===============================================
Presto compilation completed successfully.
Information: Building the design 'mux2' instantiated from design 'Datapath' with
	the parameters "32". (HDL-193)
Presto compilation completed successfully.
Information: Building the design 'alu'. (HDL-193)
Warning:  /users/ugrad/2016/fall/vegao1/New1/design/alu.sv:51: signed to unsigned assignment occurs. (VER-318)

Statistics for case statements in always block at line 34 in file
	'/users/ugrad/2016/fall/vegao1/New1/design/alu.sv'
===============================================
|           Line           |  full/ parallel  |
===============================================
|            37            |    auto/auto     |
===============================================
Presto compilation completed successfully.
Information: Building the design 'datamemory'. (HDL-193)

Inferred memory devices in process
	in routine datamemory line 17 in file
		'/users/ugrad/2016/fall/vegao1/New1/design/datamemory.sv'.
===========================================================================
|    Register Name    | Type  | Width | Bus | MB | AR | AS | SR | SS | ST |
===========================================================================
|       rd_reg        | Latch |  32   |  Y  | N  | N  | N  | -  | -  | -  |
===========================================================================

Inferred memory devices in process
	in routine datamemory line 23 in file
		'/users/ugrad/2016/fall/vegao1/New1/design/datamemory.sv'.
===============================================================================
|    Register Name    |   Type    | Width | Bus | MB | AR | AS | SR | SS | ST |
===============================================================================
|       mem_reg       | Flip-flop |  32   |  Y  | N  | N  | N  | N  | N  | N  |
|       mem_reg       | Flip-flop |  32   |  Y  | N  | N  | N  | N  | N  | N  |
|       mem_reg       | Flip-flop |  32   |  Y  | N  | N  | N  | N  | N  | N  |
|       mem_reg       | Flip-flop |  32   |  Y  | N  | N  | N  | N  | N  | N  |
|       mem_reg       | Flip-flop |  32   |  Y  | N  | N  | N  | N  | N  | N  |
|       mem_reg       | Flip-flop |  32   |  Y  | N  | N  | N  | N  | N  | N  |
|       mem_reg       | Flip-flop |  32   |  Y  | N  | N  | N  | N  | N  | N  |
|       mem_reg       | Flip-flop |  32   |  Y  | N  | N  | N  | N  | N  | N  |
|       mem_reg       | Flip-flop |  32   |  Y  | N  | N  | N  | N  | N  | N  |
|       mem_reg       | Flip-flop |  32   |  Y  | N  | N  | N  | N  | N  | N  |
|       mem_reg       | Flip-flop |  32   |  Y  | N  | N  | N  | N  | N  | N  |
|       mem_reg       | Flip-flop |  32   |  Y  | N  | N  | N  | N  | N  | N  |
|       mem_reg       | Flip-flop |  32   |  Y  | N  | N  | N  | N  | N  | N  |
|       mem_reg       | Flip-flop |  32   |  Y  | N  | N  | N  | N  | N  | N  |
|       mem_reg       | Flip-flop |  32   |  Y  | N  | N  | N  | N  | N  | N  |
|       mem_reg       | Flip-flop |  32   |  Y  | N  | N  | N  | N  | N  | N  |
|       mem_reg       | Flip-flop |  32   |  Y  | N  | N  | N  | N  | N  | N  |
|       mem_reg       | Flip-flop |  32   |  Y  | N  | N  | N  | N  | N  | N  |
|       mem_reg       | Flip-flop |  32   |  Y  | N  | N  | N  | N  | N  | N  |
|       mem_reg       | Flip-flop |  32   |  Y  | N  | N  | N  | N  | N  | N  |
|       mem_reg       | Flip-flop |  32   |  Y  | N  | N  | N  | N  | N  | N  |
|       mem_reg       | Flip-flop |  32   |  Y  | N  | N  | N  | N  | N  | N  |
|       mem_reg       | Flip-flop |  32   |  Y  | N  | N  | N  | N  | N  | N  |
|       mem_reg       | Flip-flop |  32   |  Y  | N  | N  | N  | N  | N  | N  |
|       mem_reg       | Flip-flop |  32   |  Y  | N  | N  | N  | N  | N  | N  |
|       mem_reg       | Flip-flop |  32   |  Y  | N  | N  | N  | N  | N  | N  |
|       mem_reg       | Flip-flop |  32   |  Y  | N  | N  | N  | N  | N  | N  |
|       mem_reg       | Flip-flop |  32   |  Y  | N  | N  | N  | N  | N  | N  |
|       mem_reg       | Flip-flop |  32   |  Y  | N  | N  | N  | N  | N  | N  |
|       mem_reg       | Flip-flop |  32   |  Y  | N  | N  | N  | N  | N  | N  |
|       mem_reg       | Flip-flop |  32   |  Y  | N  | N  | N  | N  | N  | N  |
|       mem_reg       | Flip-flop |  32   |  Y  | N  | N  | N  | N  | N  | N  |
|       mem_reg       | Flip-flop |  32   |  Y  | N  | N  | N  | N  | N  | N  |
|       mem_reg       | Flip-flop |  32   |  Y  | N  | N  | N  | N  | N  | N  |
|       mem_reg       | Flip-flop |  32   |  Y  | N  | N  | N  | N  | N  | N  |
|       mem_reg       | Flip-flop |  32   |  Y  | N  | N  | N  | N  | N  | N  |
|       mem_reg       | Flip-flop |  32   |  Y  | N  | N  | N  | N  | N  | N  |
|       mem_reg       | Flip-flop |  32   |  Y  | N  | N  | N  | N  | N  | N  |
|       mem_reg       | Flip-flop |  32   |  Y  | N  | N  | N  | N  | N  | N  |
|       mem_reg       | Flip-flop |  32   |  Y  | N  | N  | N  | N  | N  | N  |
|       mem_reg       | Flip-flop |  32   |  Y  | N  | N  | N  | N  | N  | N  |
|       mem_reg       | Flip-flop |  32   |  Y  | N  | N  | N  | N  | N  | N  |
|       mem_reg       | Flip-flop |  32   |  Y  | N  | N  | N  | N  | N  | N  |
|       mem_reg       | Flip-flop |  32   |  Y  | N  | N  | N  | N  | N  | N  |
|       mem_reg       | Flip-flop |  32   |  Y  | N  | N  | N  | N  | N  | N  |
|       mem_reg       | Flip-flop |  32   |  Y  | N  | N  | N  | N  | N  | N  |
|       mem_reg       | Flip-flop |  32   |  Y  | N  | N  | N  | N  | N  | N  |
|       mem_reg       | Flip-flop |  32   |  Y  | N  | N  | N  | N  | N  | N  |
|       mem_reg       | Flip-flop |  32   |  Y  | N  | N  | N  | N  | N  | N  |
|       mem_reg       | Flip-flop |  32   |  Y  | N  | N  | N  | N  | N  | N  |
|       mem_reg       | Flip-flop |  32   |  Y  | N  | N  | N  | N  | N  | N  |
|       mem_reg       | Flip-flop |  32   |  Y  | N  | N  | N  | N  | N  | N  |
|       mem_reg       | Flip-flop |  32   |  Y  | N  | N  | N  | N  | N  | N  |
|       mem_reg       | Flip-flop |  32   |  Y  | N  | N  | N  | N  | N  | N  |
|       mem_reg       | Flip-flop |  32   |  Y  | N  | N  | N  | N  | N  | N  |
|       mem_reg       | Flip-flop |  32   |  Y  | N  | N  | N  | N  | N  | N  |
|       mem_reg       | Flip-flop |  32   |  Y  | N  | N  | N  | N  | N  | N  |
|       mem_reg       | Flip-flop |  32   |  Y  | N  | N  | N  | N  | N  | N  |
|       mem_reg       | Flip-flop |  32   |  Y  | N  | N  | N  | N  | N  | N  |
|       mem_reg       | Flip-flop |  32   |  Y  | N  | N  | N  | N  | N  | N  |
|       mem_reg       | Flip-flop |  32   |  Y  | N  | N  | N  | N  | N  | N  |
|       mem_reg       | Flip-flop |  32   |  Y  | N  | N  | N  | N  | N  | N  |
|       mem_reg       | Flip-flop |  32   |  Y  | N  | N  | N  | N  | N  | N  |
|       mem_reg       | Flip-flop |  32   |  Y  | N  | N  | N  | N  | N  | N  |
|       mem_reg       | Flip-flop |  32   |  Y  | N  | N  | N  | N  | N  | N  |
|       mem_reg       | Flip-flop |  32   |  Y  | N  | N  | N  | N  | N  | N  |
|       mem_reg       | Flip-flop |  32   |  Y  | N  | N  | N  | N  | N  | N  |
|       mem_reg       | Flip-flop |  32   |  Y  | N  | N  | N  | N  | N  | N  |
|       mem_reg       | Flip-flop |  32   |  Y  | N  | N  | N  | N  | N  | N  |
|       mem_reg       | Flip-flop |  32   |  Y  | N  | N  | N  | N  | N  | N  |
|       mem_reg       | Flip-flop |  32   |  Y  | N  | N  | N  | N  | N  | N  |
|       mem_reg       | Flip-flop |  32   |  Y  | N  | N  | N  | N  | N  | N  |
|       mem_reg       | Flip-flop |  32   |  Y  | N  | N  | N  | N  | N  | N  |
|       mem_reg       | Flip-flop |  32   |  Y  | N  | N  | N  | N  | N  | N  |
|       mem_reg       | Flip-flop |  32   |  Y  | N  | N  | N  | N  | N  | N  |
|       mem_reg       | Flip-flop |  32   |  Y  | N  | N  | N  | N  | N  | N  |
|       mem_reg       | Flip-flop |  32   |  Y  | N  | N  | N  | N  | N  | N  |
|       mem_reg       | Flip-flop |  32   |  Y  | N  | N  | N  | N  | N  | N  |
|       mem_reg       | Flip-flop |  32   |  Y  | N  | N  | N  | N  | N  | N  |
|       mem_reg       | Flip-flop |  32   |  Y  | N  | N  | N  | N  | N  | N  |
|       mem_reg       | Flip-flop |  32   |  Y  | N  | N  | N  | N  | N  | N  |
|       mem_reg       | Flip-flop |  32   |  Y  | N  | N  | N  | N  | N  | N  |
|       mem_reg       | Flip-flop |  32   |  Y  | N  | N  | N  | N  | N  | N  |
|       mem_reg       | Flip-flop |  32   |  Y  | N  | N  | N  | N  | N  | N  |
|       mem_reg       | Flip-flop |  32   |  Y  | N  | N  | N  | N  | N  | N  |
|       mem_reg       | Flip-flop |  32   |  Y  | N  | N  | N  | N  | N  | N  |
|       mem_reg       | Flip-flop |  32   |  Y  | N  | N  | N  | N  | N  | N  |
|       mem_reg       | Flip-flop |  32   |  Y  | N  | N  | N  | N  | N  | N  |
|       mem_reg       | Flip-flop |  32   |  Y  | N  | N  | N  | N  | N  | N  |
|       mem_reg       | Flip-flop |  32   |  Y  | N  | N  | N  | N  | N  | N  |
|       mem_reg       | Flip-flop |  32   |  Y  | N  | N  | N  | N  | N  | N  |
|       mem_reg       | Flip-flop |  32   |  Y  | N  | N  | N  | N  | N  | N  |
|       mem_reg       | Flip-flop |  32   |  Y  | N  | N  | N  | N  | N  | N  |
|       mem_reg       | Flip-flop |  32   |  Y  | N  | N  | N  | N  | N  | N  |
|       mem_reg       | Flip-flop |  32   |  Y  | N  | N  | N  | N  | N  | N  |
|       mem_reg       | Flip-flop |  32   |  Y  | N  | N  | N  | N  | N  | N  |
|       mem_reg       | Flip-flop |  32   |  Y  | N  | N  | N  | N  | N  | N  |
|       mem_reg       | Flip-flop |  32   |  Y  | N  | N  | N  | N  | N  | N  |
|       mem_reg       | Flip-flop |  32   |  Y  | N  | N  | N  | N  | N  | N  |
|       mem_reg       | Flip-flop |  32   |  Y  | N  | N  | N  | N  | N  | N  |
|       mem_reg       | Flip-flop |  32   |  Y  | N  | N  | N  | N  | N  | N  |
|       mem_reg       | Flip-flop |  32   |  Y  | N  | N  | N  | N  | N  | N  |
|       mem_reg       | Flip-flop |  32   |  Y  | N  | N  | N  | N  | N  | N  |
|       mem_reg       | Flip-flop |  32   |  Y  | N  | N  | N  | N  | N  | N  |
|       mem_reg       | Flip-flop |  32   |  Y  | N  | N  | N  | N  | N  | N  |
|       mem_reg       | Flip-flop |  32   |  Y  | N  | N  | N  | N  | N  | N  |
|       mem_reg       | Flip-flop |  32   |  Y  | N  | N  | N  | N  | N  | N  |
|       mem_reg       | Flip-flop |  32   |  Y  | N  | N  | N  | N  | N  | N  |
|       mem_reg       | Flip-flop |  32   |  Y  | N  | N  | N  | N  | N  | N  |
|       mem_reg       | Flip-flop |  32   |  Y  | N  | N  | N  | N  | N  | N  |
|       mem_reg       | Flip-flop |  32   |  Y  | N  | N  | N  | N  | N  | N  |
|       mem_reg       | Flip-flop |  32   |  Y  | N  | N  | N  | N  | N  | N  |
|       mem_reg       | Flip-flop |  32   |  Y  | N  | N  | N  | N  | N  | N  |
|       mem_reg       | Flip-flop |  32   |  Y  | N  | N  | N  | N  | N  | N  |
|       mem_reg       | Flip-flop |  32   |  Y  | N  | N  | N  | N  | N  | N  |
|       mem_reg       | Flip-flop |  32   |  Y  | N  | N  | N  | N  | N  | N  |
|       mem_reg       | Flip-flop |  32   |  Y  | N  | N  | N  | N  | N  | N  |
|       mem_reg       | Flip-flop |  32   |  Y  | N  | N  | N  | N  | N  | N  |
|       mem_reg       | Flip-flop |  32   |  Y  | N  | N  | N  | N  | N  | N  |
|       mem_reg       | Flip-flop |  32   |  Y  | N  | N  | N  | N  | N  | N  |
|       mem_reg       | Flip-flop |  32   |  Y  | N  | N  | N  | N  | N  | N  |
|       mem_reg       | Flip-flop |  32   |  Y  | N  | N  | N  | N  | N  | N  |
|       mem_reg       | Flip-flop |  32   |  Y  | N  | N  | N  | N  | N  | N  |
|       mem_reg       | Flip-flop |  32   |  Y  | N  | N  | N  | N  | N  | N  |
|       mem_reg       | Flip-flop |  32   |  Y  | N  | N  | N  | N  | N  | N  |
|       mem_reg       | Flip-flop |  32   |  Y  | N  | N  | N  | N  | N  | N  |
|       mem_reg       | Flip-flop |  32   |  Y  | N  | N  | N  | N  | N  | N  |
|       mem_reg       | Flip-flop |  32   |  Y  | N  | N  | N  | N  | N  | N  |
|       mem_reg       | Flip-flop |  32   |  Y  | N  | N  | N  | N  | N  | N  |
|       mem_reg       | Flip-flop |  32   |  Y  | N  | N  | N  | N  | N  | N  |
|       mem_reg       | Flip-flop |  32   |  Y  | N  | N  | N  | N  | N  | N  |
|       mem_reg       | Flip-flop |  32   |  Y  | N  | N  | N  | N  | N  | N  |
|       mem_reg       | Flip-flop |  32   |  Y  | N  | N  | N  | N  | N  | N  |
|       mem_reg       | Flip-flop |  32   |  Y  | N  | N  | N  | N  | N  | N  |
|       mem_reg       | Flip-flop |  32   |  Y  | N  | N  | N  | N  | N  | N  |
|       mem_reg       | Flip-flop |  32   |  Y  | N  | N  | N  | N  | N  | N  |
|       mem_reg       | Flip-flop |  32   |  Y  | N  | N  | N  | N  | N  | N  |
|       mem_reg       | Flip-flop |  32   |  Y  | N  | N  | N  | N  | N  | N  |
|       mem_reg       | Flip-flop |  32   |  Y  | N  | N  | N  | N  | N  | N  |
|       mem_reg       | Flip-flop |  32   |  Y  | N  | N  | N  | N  | N  | N  |
|       mem_reg       | Flip-flop |  32   |  Y  | N  | N  | N  | N  | N  | N  |
|       mem_reg       | Flip-flop |  32   |  Y  | N  | N  | N  | N  | N  | N  |
|       mem_reg       | Flip-flop |  32   |  Y  | N  | N  | N  | N  | N  | N  |
|       mem_reg       | Flip-flop |  32   |  Y  | N  | N  | N  | N  | N  | N  |
|       mem_reg       | Flip-flop |  32   |  Y  | N  | N  | N  | N  | N  | N  |
|       mem_reg       | Flip-flop |  32   |  Y  | N  | N  | N  | N  | N  | N  |
|       mem_reg       | Flip-flop |  32   |  Y  | N  | N  | N  | N  | N  | N  |
|       mem_reg       | Flip-flop |  32   |  Y  | N  | N  | N  | N  | N  | N  |
|       mem_reg       | Flip-flop |  32   |  Y  | N  | N  | N  | N  | N  | N  |
|       mem_reg       | Flip-flop |  32   |  Y  | N  | N  | N  | N  | N  | N  |
|       mem_reg       | Flip-flop |  32   |  Y  | N  | N  | N  | N  | N  | N  |
|       mem_reg       | Flip-flop |  32   |  Y  | N  | N  | N  | N  | N  | N  |
|       mem_reg       | Flip-flop |  32   |  Y  | N  | N  | N  | N  | N  | N  |
|       mem_reg       | Flip-flop |  32   |  Y  | N  | N  | N  | N  | N  | N  |
|       mem_reg       | Flip-flop |  32   |  Y  | N  | N  | N  | N  | N  | N  |
|       mem_reg       | Flip-flop |  32   |  Y  | N  | N  | N  | N  | N  | N  |
|       mem_reg       | Flip-flop |  32   |  Y  | N  | N  | N  | N  | N  | N  |
|       mem_reg       | Flip-flop |  32   |  Y  | N  | N  | N  | N  | N  | N  |
|       mem_reg       | Flip-flop |  32   |  Y  | N  | N  | N  | N  | N  | N  |
|       mem_reg       | Flip-flop |  32   |  Y  | N  | N  | N  | N  | N  | N  |
|       mem_reg       | Flip-flop |  32   |  Y  | N  | N  | N  | N  | N  | N  |
|       mem_reg       | Flip-flop |  32   |  Y  | N  | N  | N  | N  | N  | N  |
|       mem_reg       | Flip-flop |  32   |  Y  | N  | N  | N  | N  | N  | N  |
|       mem_reg       | Flip-flop |  32   |  Y  | N  | N  | N  | N  | N  | N  |
|       mem_reg       | Flip-flop |  32   |  Y  | N  | N  | N  | N  | N  | N  |
|       mem_reg       | Flip-flop |  32   |  Y  | N  | N  | N  | N  | N  | N  |
|       mem_reg       | Flip-flop |  32   |  Y  | N  | N  | N  | N  | N  | N  |
|       mem_reg       | Flip-flop |  32   |  Y  | N  | N  | N  | N  | N  | N  |
|       mem_reg       | Flip-flop |  32   |  Y  | N  | N  | N  | N  | N  | N  |
|       mem_reg       | Flip-flop |  32   |  Y  | N  | N  | N  | N  | N  | N  |
|       mem_reg       | Flip-flop |  32   |  Y  | N  | N  | N  | N  | N  | N  |
|       mem_reg       | Flip-flop |  32   |  Y  | N  | N  | N  | N  | N  | N  |
|       mem_reg       | Flip-flop |  32   |  Y  | N  | N  | N  | N  | N  | N  |
|       mem_reg       | Flip-flop |  32   |  Y  | N  | N  | N  | N  | N  | N  |
|       mem_reg       | Flip-flop |  32   |  Y  | N  | N  | N  | N  | N  | N  |
|       mem_reg       | Flip-flop |  32   |  Y  | N  | N  | N  | N  | N  | N  |
|       mem_reg       | Flip-flop |  32   |  Y  | N  | N  | N  | N  | N  | N  |
|       mem_reg       | Flip-flop |  32   |  Y  | N  | N  | N  | N  | N  | N  |
|       mem_reg       | Flip-flop |  32   |  Y  | N  | N  | N  | N  | N  | N  |
|       mem_reg       | Flip-flop |  32   |  Y  | N  | N  | N  | N  | N  | N  |
|       mem_reg       | Flip-flop |  32   |  Y  | N  | N  | N  | N  | N  | N  |
|       mem_reg       | Flip-flop |  32   |  Y  | N  | N  | N  | N  | N  | N  |
|       mem_reg       | Flip-flop |  32   |  Y  | N  | N  | N  | N  | N  | N  |
|       mem_reg       | Flip-flop |  32   |  Y  | N  | N  | N  | N  | N  | N  |
|       mem_reg       | Flip-flop |  32   |  Y  | N  | N  | N  | N  | N  | N  |
|       mem_reg       | Flip-flop |  32   |  Y  | N  | N  | N  | N  | N  | N  |
|       mem_reg       | Flip-flop |  32   |  Y  | N  | N  | N  | N  | N  | N  |
|       mem_reg       | Flip-flop |  32   |  Y  | N  | N  | N  | N  | N  | N  |
|       mem_reg       | Flip-flop |  32   |  Y  | N  | N  | N  | N  | N  | N  |
|       mem_reg       | Flip-flop |  32   |  Y  | N  | N  | N  | N  | N  | N  |
|       mem_reg       | Flip-flop |  32   |  Y  | N  | N  | N  | N  | N  | N  |
|       mem_reg       | Flip-flop |  32   |  Y  | N  | N  | N  | N  | N  | N  |
|       mem_reg       | Flip-flop |  32   |  Y  | N  | N  | N  | N  | N  | N  |
|       mem_reg       | Flip-flop |  32   |  Y  | N  | N  | N  | N  | N  | N  |
|       mem_reg       | Flip-flop |  32   |  Y  | N  | N  | N  | N  | N  | N  |
|       mem_reg       | Flip-flop |  32   |  Y  | N  | N  | N  | N  | N  | N  |
|       mem_reg       | Flip-flop |  32   |  Y  | N  | N  | N  | N  | N  | N  |
|       mem_reg       | Flip-flop |  32   |  Y  | N  | N  | N  | N  | N  | N  |
|       mem_reg       | Flip-flop |  32   |  Y  | N  | N  | N  | N  | N  | N  |
|       mem_reg       | Flip-flop |  32   |  Y  | N  | N  | N  | N  | N  | N  |
|       mem_reg       | Flip-flop |  32   |  Y  | N  | N  | N  | N  | N  | N  |
|       mem_reg       | Flip-flop |  32   |  Y  | N  | N  | N  | N  | N  | N  |
|       mem_reg       | Flip-flop |  32   |  Y  | N  | N  | N  | N  | N  | N  |
|       mem_reg       | Flip-flop |  32   |  Y  | N  | N  | N  | N  | N  | N  |
|       mem_reg       | Flip-flop |  32   |  Y  | N  | N  | N  | N  | N  | N  |
|       mem_reg       | Flip-flop |  32   |  Y  | N  | N  | N  | N  | N  | N  |
|       mem_reg       | Flip-flop |  32   |  Y  | N  | N  | N  | N  | N  | N  |
|       mem_reg       | Flip-flop |  32   |  Y  | N  | N  | N  | N  | N  | N  |
|       mem_reg       | Flip-flop |  32   |  Y  | N  | N  | N  | N  | N  | N  |
|       mem_reg       | Flip-flop |  32   |  Y  | N  | N  | N  | N  | N  | N  |
|       mem_reg       | Flip-flop |  32   |  Y  | N  | N  | N  | N  | N  | N  |
|       mem_reg       | Flip-flop |  32   |  Y  | N  | N  | N  | N  | N  | N  |
|       mem_reg       | Flip-flop |  32   |  Y  | N  | N  | N  | N  | N  | N  |
|       mem_reg       | Flip-flop |  32   |  Y  | N  | N  | N  | N  | N  | N  |
|       mem_reg       | Flip-flop |  32   |  Y  | N  | N  | N  | N  | N  | N  |
|       mem_reg       | Flip-flop |  32   |  Y  | N  | N  | N  | N  | N  | N  |
|       mem_reg       | Flip-flop |  32   |  Y  | N  | N  | N  | N  | N  | N  |
|       mem_reg       | Flip-flop |  32   |  Y  | N  | N  | N  | N  | N  | N  |
|       mem_reg       | Flip-flop |  32   |  Y  | N  | N  | N  | N  | N  | N  |
|       mem_reg       | Flip-flop |  32   |  Y  | N  | N  | N  | N  | N  | N  |
|       mem_reg       | Flip-flop |  32   |  Y  | N  | N  | N  | N  | N  | N  |
|       mem_reg       | Flip-flop |  32   |  Y  | N  | N  | N  | N  | N  | N  |
|       mem_reg       | Flip-flop |  32   |  Y  | N  | N  | N  | N  | N  | N  |
|       mem_reg       | Flip-flop |  32   |  Y  | N  | N  | N  | N  | N  | N  |
|       mem_reg       | Flip-flop |  32   |  Y  | N  | N  | N  | N  | N  | N  |
|       mem_reg       | Flip-flop |  32   |  Y  | N  | N  | N  | N  | N  | N  |
|       mem_reg       | Flip-flop |  32   |  Y  | N  | N  | N  | N  | N  | N  |
|       mem_reg       | Flip-flop |  32   |  Y  | N  | N  | N  | N  | N  | N  |
|       mem_reg       | Flip-flop |  32   |  Y  | N  | N  | N  | N  | N  | N  |
|       mem_reg       | Flip-flop |  32   |  Y  | N  | N  | N  | N  | N  | N  |
|       mem_reg       | Flip-flop |  32   |  Y  | N  | N  | N  | N  | N  | N  |
|       mem_reg       | Flip-flop |  32   |  Y  | N  | N  | N  | N  | N  | N  |
|       mem_reg       | Flip-flop |  32   |  Y  | N  | N  | N  | N  | N  | N  |
|       mem_reg       | Flip-flop |  32   |  Y  | N  | N  | N  | N  | N  | N  |
|       mem_reg       | Flip-flop |  32   |  Y  | N  | N  | N  | N  | N  | N  |
|       mem_reg       | Flip-flop |  32   |  Y  | N  | N  | N  | N  | N  | N  |
|       mem_reg       | Flip-flop |  32   |  Y  | N  | N  | N  | N  | N  | N  |
|       mem_reg       | Flip-flop |  32   |  Y  | N  | N  | N  | N  | N  | N  |
|       mem_reg       | Flip-flop |  32   |  Y  | N  | N  | N  | N  | N  | N  |
|       mem_reg       | Flip-flop |  32   |  Y  | N  | N  | N  | N  | N  | N  |
|       mem_reg       | Flip-flop |  32   |  Y  | N  | N  | N  | N  | N  | N  |
|       mem_reg       | Flip-flop |  32   |  Y  | N  | N  | N  | N  | N  | N  |
|       mem_reg       | Flip-flop |  32   |  Y  | N  | N  | N  | N  | N  | N  |
|       mem_reg       | Flip-flop |  32   |  Y  | N  | N  | N  | N  | N  | N  |
|       mem_reg       | Flip-flop |  32   |  Y  | N  | N  | N  | N  | N  | N  |
|       mem_reg       | Flip-flop |  32   |  Y  | N  | N  | N  | N  | N  | N  |
|       mem_reg       | Flip-flop |  32   |  Y  | N  | N  | N  | N  | N  | N  |
|       mem_reg       | Flip-flop |  32   |  Y  | N  | N  | N  | N  | N  | N  |
|       mem_reg       | Flip-flop |  32   |  Y  | N  | N  | N  | N  | N  | N  |
|       mem_reg       | Flip-flop |  32   |  Y  | N  | N  | N  | N  | N  | N  |
|       mem_reg       | Flip-flop |  32   |  Y  | N  | N  | N  | N  | N  | N  |
|       mem_reg       | Flip-flop |  32   |  Y  | N  | N  | N  | N  | N  | N  |
|       mem_reg       | Flip-flop |  32   |  Y  | N  | N  | N  | N  | N  | N  |
|       mem_reg       | Flip-flop |  32   |  Y  | N  | N  | N  | N  | N  | N  |
|       mem_reg       | Flip-flop |  32   |  Y  | N  | N  | N  | N  | N  | N  |
|       mem_reg       | Flip-flop |  32   |  Y  | N  | N  | N  | N  | N  | N  |
|       mem_reg       | Flip-flop |  32   |  Y  | N  | N  | N  | N  | N  | N  |
|       mem_reg       | Flip-flop |  32   |  Y  | N  | N  | N  | N  | N  | N  |
|       mem_reg       | Flip-flop |  32   |  Y  | N  | N  | N  | N  | N  | N  |
|       mem_reg       | Flip-flop |  32   |  Y  | N  | N  | N  | N  | N  | N  |
|       mem_reg       | Flip-flop |  32   |  Y  | N  | N  | N  | N  | N  | N  |
|       mem_reg       | Flip-flop |  32   |  Y  | N  | N  | N  | N  | N  | N  |
|       mem_reg       | Flip-flop |  32   |  Y  | N  | N  | N  | N  | N  | N  |
|       mem_reg       | Flip-flop |  32   |  Y  | N  | N  | N  | N  | N  | N  |
|       mem_reg       | Flip-flop |  32   |  Y  | N  | N  | N  | N  | N  | N  |
|       mem_reg       | Flip-flop |  32   |  Y  | N  | N  | N  | N  | N  | N  |
|       mem_reg       | Flip-flop |  32   |  Y  | N  | N  | N  | N  | N  | N  |
|       mem_reg       | Flip-flop |  32   |  Y  | N  | N  | N  | N  | N  | N  |
|       mem_reg       | Flip-flop |  32   |  Y  | N  | N  | N  | N  | N  | N  |
|       mem_reg       | Flip-flop |  32   |  Y  | N  | N  | N  | N  | N  | N  |
|       mem_reg       | Flip-flop |  32   |  Y  | N  | N  | N  | N  | N  | N  |
|       mem_reg       | Flip-flop |  32   |  Y  | N  | N  | N  | N  | N  | N  |
|       mem_reg       | Flip-flop |  32   |  Y  | N  | N  | N  | N  | N  | N  |
|       mem_reg       | Flip-flop |  32   |  Y  | N  | N  | N  | N  | N  | N  |
|       mem_reg       | Flip-flop |  32   |  Y  | N  | N  | N  | N  | N  | N  |
|       mem_reg       | Flip-flop |  32   |  Y  | N  | N  | N  | N  | N  | N  |
|       mem_reg       | Flip-flop |  32   |  Y  | N  | N  | N  | N  | N  | N  |
|       mem_reg       | Flip-flop |  32   |  Y  | N  | N  | N  | N  | N  | N  |
|       mem_reg       | Flip-flop |  32   |  Y  | N  | N  | N  | N  | N  | N  |
|       mem_reg       | Flip-flop |  32   |  Y  | N  | N  | N  | N  | N  | N  |
|       mem_reg       | Flip-flop |  32   |  Y  | N  | N  | N  | N  | N  | N  |
|       mem_reg       | Flip-flop |  32   |  Y  | N  | N  | N  | N  | N  | N  |
|       mem_reg       | Flip-flop |  32   |  Y  | N  | N  | N  | N  | N  | N  |
|       mem_reg       | Flip-flop |  32   |  Y  | N  | N  | N  | N  | N  | N  |
|       mem_reg       | Flip-flop |  32   |  Y  | N  | N  | N  | N  | N  | N  |
|       mem_reg       | Flip-flop |  32   |  Y  | N  | N  | N  | N  | N  | N  |
|       mem_reg       | Flip-flop |  32   |  Y  | N  | N  | N  | N  | N  | N  |
|       mem_reg       | Flip-flop |  32   |  Y  | N  | N  | N  | N  | N  | N  |
|       mem_reg       | Flip-flop |  32   |  Y  | N  | N  | N  | N  | N  | N  |
|       mem_reg       | Flip-flop |  32   |  Y  | N  | N  | N  | N  | N  | N  |
|       mem_reg       | Flip-flop |  32   |  Y  | N  | N  | N  | N  | N  | N  |
|       mem_reg       | Flip-flop |  32   |  Y  | N  | N  | N  | N  | N  | N  |
|       mem_reg       | Flip-flop |  32   |  Y  | N  | N  | N  | N  | N  | N  |
|       mem_reg       | Flip-flop |  32   |  Y  | N  | N  | N  | N  | N  | N  |
|       mem_reg       | Flip-flop |  32   |  Y  | N  | N  | N  | N  | N  | N  |
|       mem_reg       | Flip-flop |  32   |  Y  | N  | N  | N  | N  | N  | N  |
|       mem_reg       | Flip-flop |  32   |  Y  | N  | N  | N  | N  | N  | N  |
|       mem_reg       | Flip-flop |  32   |  Y  | N  | N  | N  | N  | N  | N  |
|       mem_reg       | Flip-flop |  32   |  Y  | N  | N  | N  | N  | N  | N  |
|       mem_reg       | Flip-flop |  32   |  Y  | N  | N  | N  | N  | N  | N  |
|       mem_reg       | Flip-flop |  32   |  Y  | N  | N  | N  | N  | N  | N  |
|       mem_reg       | Flip-flop |  32   |  Y  | N  | N  | N  | N  | N  | N  |
|       mem_reg       | Flip-flop |  32   |  Y  | N  | N  | N  | N  | N  | N  |
|       mem_reg       | Flip-flop |  32   |  Y  | N  | N  | N  | N  | N  | N  |
|       mem_reg       | Flip-flop |  32   |  Y  | N  | N  | N  | N  | N  | N  |
|       mem_reg       | Flip-flop |  32   |  Y  | N  | N  | N  | N  | N  | N  |
|       mem_reg       | Flip-flop |  32   |  Y  | N  | N  | N  | N  | N  | N  |
|       mem_reg       | Flip-flop |  32   |  Y  | N  | N  | N  | N  | N  | N  |
|       mem_reg       | Flip-flop |  32   |  Y  | N  | N  | N  | N  | N  | N  |
|       mem_reg       | Flip-flop |  32   |  Y  | N  | N  | N  | N  | N  | N  |
|       mem_reg       | Flip-flop |  32   |  Y  | N  | N  | N  | N  | N  | N  |
|       mem_reg       | Flip-flop |  32   |  Y  | N  | N  | N  | N  | N  | N  |
|       mem_reg       | Flip-flop |  32   |  Y  | N  | N  | N  | N  | N  | N  |
|       mem_reg       | Flip-flop |  32   |  Y  | N  | N  | N  | N  | N  | N  |
|       mem_reg       | Flip-flop |  32   |  Y  | N  | N  | N  | N  | N  | N  |
|       mem_reg       | Flip-flop |  32   |  Y  | N  | N  | N  | N  | N  | N  |
|       mem_reg       | Flip-flop |  32   |  Y  | N  | N  | N  | N  | N  | N  |
|       mem_reg       | Flip-flop |  32   |  Y  | N  | N  | N  | N  | N  | N  |
|       mem_reg       | Flip-flop |  32   |  Y  | N  | N  | N  | N  | N  | N  |
|       mem_reg       | Flip-flop |  32   |  Y  | N  | N  | N  | N  | N  | N  |
|       mem_reg       | Flip-flop |  32   |  Y  | N  | N  | N  | N  | N  | N  |
|       mem_reg       | Flip-flop |  32   |  Y  | N  | N  | N  | N  | N  | N  |
|       mem_reg       | Flip-flop |  32   |  Y  | N  | N  | N  | N  | N  | N  |
|       mem_reg       | Flip-flop |  32   |  Y  | N  | N  | N  | N  | N  | N  |
|       mem_reg       | Flip-flop |  32   |  Y  | N  | N  | N  | N  | N  | N  |
|       mem_reg       | Flip-flop |  32   |  Y  | N  | N  | N  | N  | N  | N  |
|       mem_reg       | Flip-flop |  32   |  Y  | N  | N  | N  | N  | N  | N  |
|       mem_reg       | Flip-flop |  32   |  Y  | N  | N  | N  | N  | N  | N  |
|       mem_reg       | Flip-flop |  32   |  Y  | N  | N  | N  | N  | N  | N  |
|       mem_reg       | Flip-flop |  32   |  Y  | N  | N  | N  | N  | N  | N  |
|       mem_reg       | Flip-flop |  32   |  Y  | N  | N  | N  | N  | N  | N  |
|       mem_reg       | Flip-flop |  32   |  Y  | N  | N  | N  | N  | N  | N  |
|       mem_reg       | Flip-flop |  32   |  Y  | N  | N  | N  | N  | N  | N  |
|       mem_reg       | Flip-flop |  32   |  Y  | N  | N  | N  | N  | N  | N  |
|       mem_reg       | Flip-flop |  32   |  Y  | N  | N  | N  | N  | N  | N  |
|       mem_reg       | Flip-flop |  32   |  Y  | N  | N  | N  | N  | N  | N  |
|       mem_reg       | Flip-flop |  32   |  Y  | N  | N  | N  | N  | N  | N  |
|       mem_reg       | Flip-flop |  32   |  Y  | N  | N  | N  | N  | N  | N  |
|       mem_reg       | Flip-flop |  32   |  Y  | N  | N  | N  | N  | N  | N  |
|       mem_reg       | Flip-flop |  32   |  Y  | N  | N  | N  | N  | N  | N  |
|       mem_reg       | Flip-flop |  32   |  Y  | N  | N  | N  | N  | N  | N  |
|       mem_reg       | Flip-flop |  32   |  Y  | N  | N  | N  | N  | N  | N  |
|       mem_reg       | Flip-flop |  32   |  Y  | N  | N  | N  | N  | N  | N  |
|       mem_reg       | Flip-flop |  32   |  Y  | N  | N  | N  | N  | N  | N  |
|       mem_reg       | Flip-flop |  32   |  Y  | N  | N  | N  | N  | N  | N  |
|       mem_reg       | Flip-flop |  32   |  Y  | N  | N  | N  | N  | N  | N  |
|       mem_reg       | Flip-flop |  32   |  Y  | N  | N  | N  | N  | N  | N  |
|       mem_reg       | Flip-flop |  32   |  Y  | N  | N  | N  | N  | N  | N  |
|       mem_reg       | Flip-flop |  32   |  Y  | N  | N  | N  | N  | N  | N  |
|       mem_reg       | Flip-flop |  32   |  Y  | N  | N  | N  | N  | N  | N  |
|       mem_reg       | Flip-flop |  32   |  Y  | N  | N  | N  | N  | N  | N  |
|       mem_reg       | Flip-flop |  32   |  Y  | N  | N  | N  | N  | N  | N  |
|       mem_reg       | Flip-flop |  32   |  Y  | N  | N  | N  | N  | N  | N  |
|       mem_reg       | Flip-flop |  32   |  Y  | N  | N  | N  | N  | N  | N  |
|       mem_reg       | Flip-flop |  32   |  Y  | N  | N  | N  | N  | N  | N  |
|       mem_reg       | Flip-flop |  32   |  Y  | N  | N  | N  | N  | N  | N  |
|       mem_reg       | Flip-flop |  32   |  Y  | N  | N  | N  | N  | N  | N  |
|       mem_reg       | Flip-flop |  32   |  Y  | N  | N  | N  | N  | N  | N  |
|       mem_reg       | Flip-flop |  32   |  Y  | N  | N  | N  | N  | N  | N  |
|       mem_reg       | Flip-flop |  32   |  Y  | N  | N  | N  | N  | N  | N  |
|       mem_reg       | Flip-flop |  32   |  Y  | N  | N  | N  | N  | N  | N  |
|       mem_reg       | Flip-flop |  32   |  Y  | N  | N  | N  | N  | N  | N  |
|       mem_reg       | Flip-flop |  32   |  Y  | N  | N  | N  | N  | N  | N  |
|       mem_reg       | Flip-flop |  32   |  Y  | N  | N  | N  | N  | N  | N  |
|       mem_reg       | Flip-flop |  32   |  Y  | N  | N  | N  | N  | N  | N  |
|       mem_reg       | Flip-flop |  32   |  Y  | N  | N  | N  | N  | N  | N  |
|       mem_reg       | Flip-flop |  32   |  Y  | N  | N  | N  | N  | N  | N  |
|       mem_reg       | Flip-flop |  32   |  Y  | N  | N  | N  | N  | N  | N  |
|       mem_reg       | Flip-flop |  32   |  Y  | N  | N  | N  | N  | N  | N  |
|       mem_reg       | Flip-flop |  32   |  Y  | N  | N  | N  | N  | N  | N  |
|       mem_reg       | Flip-flop |  32   |  Y  | N  | N  | N  | N  | N  | N  |
|       mem_reg       | Flip-flop |  32   |  Y  | N  | N  | N  | N  | N  | N  |
|       mem_reg       | Flip-flop |  32   |  Y  | N  | N  | N  | N  | N  | N  |
|       mem_reg       | Flip-flop |  32   |  Y  | N  | N  | N  | N  | N  | N  |
|       mem_reg       | Flip-flop |  32   |  Y  | N  | N  | N  | N  | N  | N  |
|       mem_reg       | Flip-flop |  32   |  Y  | N  | N  | N  | N  | N  | N  |
|       mem_reg       | Flip-flop |  32   |  Y  | N  | N  | N  | N  | N  | N  |
|       mem_reg       | Flip-flop |  32   |  Y  | N  | N  | N  | N  | N  | N  |
|       mem_reg       | Flip-flop |  32   |  Y  | N  | N  | N  | N  | N  | N  |
|       mem_reg       | Flip-flop |  32   |  Y  | N  | N  | N  | N  | N  | N  |
|       mem_reg       | Flip-flop |  32   |  Y  | N  | N  | N  | N  | N  | N  |
|       mem_reg       | Flip-flop |  32   |  Y  | N  | N  | N  | N  | N  | N  |
|       mem_reg       | Flip-flop |  32   |  Y  | N  | N  | N  | N  | N  | N  |
|       mem_reg       | Flip-flop |  32   |  Y  | N  | N  | N  | N  | N  | N  |
|       mem_reg       | Flip-flop |  32   |  Y  | N  | N  | N  | N  | N  | N  |
|       mem_reg       | Flip-flop |  32   |  Y  | N  | N  | N  | N  | N  | N  |
|       mem_reg       | Flip-flop |  32   |  Y  | N  | N  | N  | N  | N  | N  |
|       mem_reg       | Flip-flop |  32   |  Y  | N  | N  | N  | N  | N  | N  |
|       mem_reg       | Flip-flop |  32   |  Y  | N  | N  | N  | N  | N  | N  |
|       mem_reg       | Flip-flop |  32   |  Y  | N  | N  | N  | N  | N  | N  |
|       mem_reg       | Flip-flop |  32   |  Y  | N  | N  | N  | N  | N  | N  |
|       mem_reg       | Flip-flop |  32   |  Y  | N  | N  | N  | N  | N  | N  |
|       mem_reg       | Flip-flop |  32   |  Y  | N  | N  | N  | N  | N  | N  |
|       mem_reg       | Flip-flop |  32   |  Y  | N  | N  | N  | N  | N  | N  |
|       mem_reg       | Flip-flop |  32   |  Y  | N  | N  | N  | N  | N  | N  |
|       mem_reg       | Flip-flop |  32   |  Y  | N  | N  | N  | N  | N  | N  |
|       mem_reg       | Flip-flop |  32   |  Y  | N  | N  | N  | N  | N  | N  |
|       mem_reg       | Flip-flop |  32   |  Y  | N  | N  | N  | N  | N  | N  |
|       mem_reg       | Flip-flop |  32   |  Y  | N  | N  | N  | N  | N  | N  |
|       mem_reg       | Flip-flop |  32   |  Y  | N  | N  | N  | N  | N  | N  |
|       mem_reg       | Flip-flop |  32   |  Y  | N  | N  | N  | N  | N  | N  |
|       mem_reg       | Flip-flop |  32   |  Y  | N  | N  | N  | N  | N  | N  |
|       mem_reg       | Flip-flop |  32   |  Y  | N  | N  | N  | N  | N  | N  |
|       mem_reg       | Flip-flop |  32   |  Y  | N  | N  | N  | N  | N  | N  |
|       mem_reg       | Flip-flop |  32   |  Y  | N  | N  | N  | N  | N  | N  |
|       mem_reg       | Flip-flop |  32   |  Y  | N  | N  | N  | N  | N  | N  |
|       mem_reg       | Flip-flop |  32   |  Y  | N  | N  | N  | N  | N  | N  |
|       mem_reg       | Flip-flop |  32   |  Y  | N  | N  | N  | N  | N  | N  |
|       mem_reg       | Flip-flop |  32   |  Y  | N  | N  | N  | N  | N  | N  |
|       mem_reg       | Flip-flop |  32   |  Y  | N  | N  | N  | N  | N  | N  |
|       mem_reg       | Flip-flop |  32   |  Y  | N  | N  | N  | N  | N  | N  |
|       mem_reg       | Flip-flop |  32   |  Y  | N  | N  | N  | N  | N  | N  |
|       mem_reg       | Flip-flop |  32   |  Y  | N  | N  | N  | N  | N  | N  |
|       mem_reg       | Flip-flop |  32   |  Y  | N  | N  | N  | N  | N  | N  |
|       mem_reg       | Flip-flop |  32   |  Y  | N  | N  | N  | N  | N  | N  |
|       mem_reg       | Flip-flop |  32   |  Y  | N  | N  | N  | N  | N  | N  |
|       mem_reg       | Flip-flop |  32   |  Y  | N  | N  | N  | N  | N  | N  |
|       mem_reg       | Flip-flop |  32   |  Y  | N  | N  | N  | N  | N  | N  |
|       mem_reg       | Flip-flop |  32   |  Y  | N  | N  | N  | N  | N  | N  |
|       mem_reg       | Flip-flop |  32   |  Y  | N  | N  | N  | N  | N  | N  |
|       mem_reg       | Flip-flop |  32   |  Y  | N  | N  | N  | N  | N  | N  |
|       mem_reg       | Flip-flop |  32   |  Y  | N  | N  | N  | N  | N  | N  |
|       mem_reg       | Flip-flop |  32   |  Y  | N  | N  | N  | N  | N  | N  |
|       mem_reg       | Flip-flop |  32   |  Y  | N  | N  | N  | N  | N  | N  |
|       mem_reg       | Flip-flop |  32   |  Y  | N  | N  | N  | N  | N  | N  |
|       mem_reg       | Flip-flop |  32   |  Y  | N  | N  | N  | N  | N  | N  |
|       mem_reg       | Flip-flop |  32   |  Y  | N  | N  | N  | N  | N  | N  |
|       mem_reg       | Flip-flop |  32   |  Y  | N  | N  | N  | N  | N  | N  |
|       mem_reg       | Flip-flop |  32   |  Y  | N  | N  | N  | N  | N  | N  |
|       mem_reg       | Flip-flop |  32   |  Y  | N  | N  | N  | N  | N  | N  |
|       mem_reg       | Flip-flop |  32   |  Y  | N  | N  | N  | N  | N  | N  |
|       mem_reg       | Flip-flop |  32   |  Y  | N  | N  | N  | N  | N  | N  |
|       mem_reg       | Flip-flop |  32   |  Y  | N  | N  | N  | N  | N  | N  |
|       mem_reg       | Flip-flop |  32   |  Y  | N  | N  | N  | N  | N  | N  |
|       mem_reg       | Flip-flop |  32   |  Y  | N  | N  | N  | N  | N  | N  |
|       mem_reg       | Flip-flop |  32   |  Y  | N  | N  | N  | N  | N  | N  |
|       mem_reg       | Flip-flop |  32   |  Y  | N  | N  | N  | N  | N  | N  |
|       mem_reg       | Flip-flop |  32   |  Y  | N  | N  | N  | N  | N  | N  |
|       mem_reg       | Flip-flop |  32   |  Y  | N  | N  | N  | N  | N  | N  |
|       mem_reg       | Flip-flop |  32   |  Y  | N  | N  | N  | N  | N  | N  |
|       mem_reg       | Flip-flop |  32   |  Y  | N  | N  | N  | N  | N  | N  |
|       mem_reg       | Flip-flop |  32   |  Y  | N  | N  | N  | N  | N  | N  |
|       mem_reg       | Flip-flop |  32   |  Y  | N  | N  | N  | N  | N  | N  |
|       mem_reg       | Flip-flop |  32   |  Y  | N  | N  | N  | N  | N  | N  |
|       mem_reg       | Flip-flop |  32   |  Y  | N  | N  | N  | N  | N  | N  |
|       mem_reg       | Flip-flop |  32   |  Y  | N  | N  | N  | N  | N  | N  |
|       mem_reg       | Flip-flop |  32   |  Y  | N  | N  | N  | N  | N  | N  |
|       mem_reg       | Flip-flop |  32   |  Y  | N  | N  | N  | N  | N  | N  |
|       mem_reg       | Flip-flop |  32   |  Y  | N  | N  | N  | N  | N  | N  |
|       mem_reg       | Flip-flop |  32   |  Y  | N  | N  | N  | N  | N  | N  |
|       mem_reg       | Flip-flop |  32   |  Y  | N  | N  | N  | N  | N  | N  |
|       mem_reg       | Flip-flop |  32   |  Y  | N  | N  | N  | N  | N  | N  |
|       mem_reg       | Flip-flop |  32   |  Y  | N  | N  | N  | N  | N  | N  |
|       mem_reg       | Flip-flop |  32   |  Y  | N  | N  | N  | N  | N  | N  |
|       mem_reg       | Flip-flop |  32   |  Y  | N  | N  | N  | N  | N  | N  |
|       mem_reg       | Flip-flop |  32   |  Y  | N  | N  | N  | N  | N  | N  |
|       mem_reg       | Flip-flop |  32   |  Y  | N  | N  | N  | N  | N  | N  |
|       mem_reg       | Flip-flop |  32   |  Y  | N  | N  | N  | N  | N  | N  |
|       mem_reg       | Flip-flop |  32   |  Y  | N  | N  | N  | N  | N  | N  |
|       mem_reg       | Flip-flop |  32   |  Y  | N  | N  | N  | N  | N  | N  |
|       mem_reg       | Flip-flop |  32   |  Y  | N  | N  | N  | N  | N  | N  |
|       mem_reg       | Flip-flop |  32   |  Y  | N  | N  | N  | N  | N  | N  |
|       mem_reg       | Flip-flop |  32   |  Y  | N  | N  | N  | N  | N  | N  |
|       mem_reg       | Flip-flop |  32   |  Y  | N  | N  | N  | N  | N  | N  |
|       mem_reg       | Flip-flop |  32   |  Y  | N  | N  | N  | N  | N  | N  |
|       mem_reg       | Flip-flop |  32   |  Y  | N  | N  | N  | N  | N  | N  |
|       mem_reg       | Flip-flop |  32   |  Y  | N  | N  | N  | N  | N  | N  |
|       mem_reg       | Flip-flop |  32   |  Y  | N  | N  | N  | N  | N  | N  |
|       mem_reg       | Flip-flop |  32   |  Y  | N  | N  | N  | N  | N  | N  |
|       mem_reg       | Flip-flop |  32   |  Y  | N  | N  | N  | N  | N  | N  |
|       mem_reg       | Flip-flop |  32   |  Y  | N  | N  | N  | N  | N  | N  |
|       mem_reg       | Flip-flop |  32   |  Y  | N  | N  | N  | N  | N  | N  |
|       mem_reg       | Flip-flop |  32   |  Y  | N  | N  | N  | N  | N  | N  |
|       mem_reg       | Flip-flop |  32   |  Y  | N  | N  | N  | N  | N  | N  |
|       mem_reg       | Flip-flop |  32   |  Y  | N  | N  | N  | N  | N  | N  |
|       mem_reg       | Flip-flop |  32   |  Y  | N  | N  | N  | N  | N  | N  |
|       mem_reg       | Flip-flop |  32   |  Y  | N  | N  | N  | N  | N  | N  |
|       mem_reg       | Flip-flop |  32   |  Y  | N  | N  | N  | N  | N  | N  |
|       mem_reg       | Flip-flop |  32   |  Y  | N  | N  | N  | N  | N  | N  |
|       mem_reg       | Flip-flop |  32   |  Y  | N  | N  | N  | N  | N  | N  |
|       mem_reg       | Flip-flop |  32   |  Y  | N  | N  | N  | N  | N  | N  |
|       mem_reg       | Flip-flop |  32   |  Y  | N  | N  | N  | N  | N  | N  |
|       mem_reg       | Flip-flop |  32   |  Y  | N  | N  | N  | N  | N  | N  |
|       mem_reg       | Flip-flop |  32   |  Y  | N  | N  | N  | N  | N  | N  |
|       mem_reg       | Flip-flop |  32   |  Y  | N  | N  | N  | N  | N  | N  |
|       mem_reg       | Flip-flop |  32   |  Y  | N  | N  | N  | N  | N  | N  |
|       mem_reg       | Flip-flop |  32   |  Y  | N  | N  | N  | N  | N  | N  |
|       mem_reg       | Flip-flop |  32   |  Y  | N  | N  | N  | N  | N  | N  |
|       mem_reg       | Flip-flop |  32   |  Y  | N  | N  | N  | N  | N  | N  |
|       mem_reg       | Flip-flop |  32   |  Y  | N  | N  | N  | N  | N  | N  |
|       mem_reg       | Flip-flop |  32   |  Y  | N  | N  | N  | N  | N  | N  |
|       mem_reg       | Flip-flop |  32   |  Y  | N  | N  | N  | N  | N  | N  |
|       mem_reg       | Flip-flop |  32   |  Y  | N  | N  | N  | N  | N  | N  |
|       mem_reg       | Flip-flop |  32   |  Y  | N  | N  | N  | N  | N  | N  |
|       mem_reg       | Flip-flop |  32   |  Y  | N  | N  | N  | N  | N  | N  |
|       mem_reg       | Flip-flop |  32   |  Y  | N  | N  | N  | N  | N  | N  |
|       mem_reg       | Flip-flop |  32   |  Y  | N  | N  | N  | N  | N  | N  |
|       mem_reg       | Flip-flop |  32   |  Y  | N  | N  | N  | N  | N  | N  |
|       mem_reg       | Flip-flop |  32   |  Y  | N  | N  | N  | N  | N  | N  |
|       mem_reg       | Flip-flop |  32   |  Y  | N  | N  | N  | N  | N  | N  |
|       mem_reg       | Flip-flop |  32   |  Y  | N  | N  | N  | N  | N  | N  |
|       mem_reg       | Flip-flop |  32   |  Y  | N  | N  | N  | N  | N  | N  |
|       mem_reg       | Flip-flop |  32   |  Y  | N  | N  | N  | N  | N  | N  |
|       mem_reg       | Flip-flop |  32   |  Y  | N  | N  | N  | N  | N  | N  |
|       mem_reg       | Flip-flop |  32   |  Y  | N  | N  | N  | N  | N  | N  |
|       mem_reg       | Flip-flop |  32   |  Y  | N  | N  | N  | N  | N  | N  |
|       mem_reg       | Flip-flop |  32   |  Y  | N  | N  | N  | N  | N  | N  |
|       mem_reg       | Flip-flop |  32   |  Y  | N  | N  | N  | N  | N  | N  |
|       mem_reg       | Flip-flop |  32   |  Y  | N  | N  | N  | N  | N  | N  |
|       mem_reg       | Flip-flop |  32   |  Y  | N  | N  | N  | N  | N  | N  |
|       mem_reg       | Flip-flop |  32   |  Y  | N  | N  | N  | N  | N  | N  |
|       mem_reg       | Flip-flop |  32   |  Y  | N  | N  | N  | N  | N  | N  |
===============================================================================
Statistics for MUX_OPs
===========================================================
| block name/line  | Inputs | Outputs | # sel inputs | MB |
===========================================================
|  datamemory/20   |  512   |   32    |      9       | N  |
===========================================================
Warning:  /users/ugrad/2016/fall/vegao1/New1/design/datamemory.sv:17: Netlist for always_comb block contains a latch. (ELAB-974)
Presto compilation completed successfully.
1
